2024-07-30 10:17:35,891 - pyswarms.single.global_best - INFO - Optimize for 200 iters with {'c1': 0.5, 'c2': 0.3, 'w': 0.9}
2024-07-30 10:17:36,093 - pyswarms.single.global_best - INFO - Optimization finished | best cost: 2.1879518052193503e-11, best pos: [-2.62831581e-06 -3.86929891e-06]
2024-07-30 10:18:42,414 - pyswarms.single.global_best - INFO - Optimize for 200 iters with {'c1': 0.5, 'c2': 0.3, 'w': 0.9}
2024-07-30 10:18:42,569 - pyswarms.single.global_best - INFO - Optimization finished | best cost: 8.335584091766802e-10, best pos: [-2.21034224e-05  1.85740983e-05]
2024-07-30 10:39:03,100 - pyswarms.single.global_best - INFO - Optimize for 200 iters with {'c1': 0.5, 'c2': 0.3, 'w': 0.9}
2024-07-30 10:39:03,285 - pyswarms.single.global_best - INFO - Optimization finished | best cost: 3.672044343322947e-12, best pos: [ 1.46532526e-06 -1.23485474e-06]
2024-07-30 10:53:23,687 - pyswarms.single.global_best - INFO - Optimize for 50 iters with {'c1': 0.5, 'c2': 0.3, 'w': 0.5}
2024-07-30 10:53:23,721 - pyswarms.single.global_best - INFO - Optimization finished | best cost: 0.004676522943284219, best pos: [ 0.06837095 -0.0013915 ]
2024-07-30 10:53:27,733 - matplotlib.animation - WARNING - MovieWriter imagemagick unavailable; using Pillow instead.
2024-07-30 10:53:27,733 - matplotlib.animation - INFO - Animation.save using <class 'matplotlib.animation.PillowWriter'>
2024-07-30 11:01:46,879 - pyswarms.single.global_best - INFO - Optimize for 1000 iters with {'c1': 0.5, 'c2': 0.3, 'w': 0.9}
2024-07-30 11:01:47,992 - pyswarms.single.global_best - INFO - Optimization finished | best cost: 1.3382116380130874e-43, best pos: [-1.41086651e-22  3.37514030e-22]
2024-07-30 11:03:22,003 - pyswarms.single.global_best - INFO - Optimize for 1000 iters with {'c1': 0.5, 'c2': 0.3, 'w': 0.9}
2024-07-30 11:03:22,882 - pyswarms.single.global_best - INFO - Optimization finished | best cost: 9.950943336088463e-43, best pos: [1.25873512e-22 9.89570711e-22]
2024-07-30 11:03:36,917 - pyswarms.single.global_best - INFO - Optimize for 1000 iters with {'c1': 0.5, 'c2': 0.3, 'w': 0.9}
2024-07-30 11:03:37,803 - pyswarms.single.global_best - INFO - Optimization finished | best cost: 1.3411924514514023e-42, best pos: [-1.10558527e-21 -3.44780604e-22]
2024-07-30 11:06:47,735 - pyswarms.single.global_best - INFO - Optimize for 1000 iters with {'c1': 0.5, 'c2': 0.3, 'w': 0.9}
2024-07-30 11:06:48,664 - pyswarms.single.global_best - INFO - Optimization finished | best cost: 2.026540603781224, best pos: [1.00508212 1.00814212]
2024-07-30 11:06:53,844 - pyswarms.single.global_best - INFO - Optimize for 1000 iters with {'c1': 0.5, 'c2': 0.3, 'w': 0.9}
2024-07-30 11:06:54,920 - pyswarms.single.global_best - INFO - Optimization finished | best cost: 2.0100842650838464, best pos: [1.00368914 1.00134529]
2024-07-30 11:11:05,063 - pyswarms.backend.generators - ERROR - Bounds and/or init_pos should be of size (2,)
Traceback (most recent call last):
  File "C:\Users\kacpe\AppData\Local\Programs\Python\Python312\Lib\site-packages\pyswarms\backend\generators.py", line 81, in generate_swarm
    pos = center * np.random.uniform(
                   ^^^^^^^^^^^^^^^^^^
  File "numpy\\random\\mtrand.pyx", line 1171, in numpy.random.mtrand.RandomState.uniform
  File "_common.pyx", line 600, in numpy.random._common.cont
  File "_common.pyx", line 517, in numpy.random._common.cont_broadcast_2
  File "__init__.cython-30.pxd", line 780, in numpy.PyArray_MultiIterNew3
ValueError: shape mismatch: objects cannot be broadcast to a single shape.  Mismatch is between arg 0 with shape (10, 2) and arg 1 with shape (10, 6).
2024-07-30 11:11:43,918 - pyswarms.single.global_best - INFO - Optimize for 1000 iters with {'c1': 0.5, 'c2': 0.3, 'w': 0.9}
2024-07-30 11:12:26,955 - pyswarms.single.global_best - INFO - Optimize for 1000 iters with {'c1': 0.5, 'c2': 0.3, 'w': 0.9}
2024-07-30 11:12:50,528 - pyswarms.single.global_best - INFO - Optimize for 1000 iters with {'c1': 0.5, 'c2': 0.3, 'w': 0.9}
2024-07-30 11:18:17,533 - pyswarms.single.global_best - INFO - Optimize for 1000 iters with {'c1': 0.5, 'c2': 0.3, 'w': 0.9}
2024-07-30 11:18:18,628 - pyswarms.single.global_best - INFO - Optimization finished | best cost: -2.805120019958008, best pos: [0.49642553 0.45714004 0.9993492  0.95039603 0.28827692 0.42321658]
2024-07-30 11:18:24,692 - pyswarms.single.global_best - INFO - Optimize for 1000 iters with {'c1': 0.5, 'c2': 0.3, 'w': 0.9}
2024-07-30 11:18:25,691 - pyswarms.single.global_best - INFO - Optimization finished | best cost: -2.8171061388696996, best pos: [0.47541213 0.52635644 0.99118804 0.98338272 0.16406796 0.28003006]
2024-07-30 11:18:28,345 - pyswarms.single.global_best - INFO - Optimize for 1000 iters with {'c1': 0.5, 'c2': 0.3, 'w': 0.9}
2024-07-30 11:18:29,485 - pyswarms.single.global_best - INFO - Optimization finished | best cost: -2.826804737190671, best pos: [0.56126261 0.50434279 0.98382839 0.9924032  0.02800712 0.5035239 ]
2024-07-30 11:18:31,794 - pyswarms.single.global_best - INFO - Optimize for 1000 iters with {'c1': 0.5, 'c2': 0.3, 'w': 0.9}
2024-07-30 11:18:32,754 - pyswarms.single.global_best - INFO - Optimization finished | best cost: -2.799534819987048, best pos: [0.84137181 0.64211791 0.98684482 0.9924612  0.4114237  0.33456805]
2024-07-30 11:19:44,358 - pyswarms.single.global_best - INFO - Optimize for 1000 iters with {'c1': 0.5, 'c2': 0.3, 'w': 0.9}
2024-07-30 11:19:45,220 - pyswarms.single.global_best - INFO - Optimization finished | best cost: -2.806161122357294, best pos: [0.52008377 0.50918696 0.97784625 0.99813262 0.46515484 0.44985583]
2024-07-30 11:20:06,798 - pyswarms.single.global_best - INFO - Optimize for 1000 iters with {'c1': 0.5, 'c2': 0.3, 'w': 0.9}
2024-07-30 11:20:07,689 - pyswarms.single.global_best - INFO - Optimization finished | best cost: -2.8073343791212797, best pos: [0.28450509 0.26243571 0.99161732 0.97188134 0.37841664 0.43191999]
2024-07-30 11:20:19,127 - pyswarms.single.global_best - INFO - Optimize for 1000 iters with {'c1': 0.5, 'c2': 0.3, 'w': 0.9}
2024-07-30 11:20:20,254 - pyswarms.single.global_best - INFO - Optimization finished | best cost: -2.813662067004481, best pos: [0.40053893 0.45789729 0.99106563 0.99156722 0.26589918 0.50886741]
2024-07-30 11:20:48,158 - pyswarms.single.global_best - INFO - Optimize for 1000 iters with {'c1': 0.5, 'c2': 0.3, 'w': 0.9}
2024-07-30 11:20:49,060 - pyswarms.single.global_best - INFO - Optimization finished | best cost: -2.822222342168798, best pos: [0.56671317 0.57215248 0.98495168 0.99899336 0.49042442 0.25787879]
2024-07-30 11:22:41,322 - pyswarms.single.global_best - INFO - Optimize for 1000 iters with {'c1': 0.5, 'c2': 0.3, 'w': 0.9}
2024-07-30 11:22:42,238 - pyswarms.single.global_best - INFO - Optimization finished | best cost: -2.817270183823787, best pos: [0.48443493 0.43891101 0.99980705 0.97999216 0.43506197 0.35168353]
2024-07-30 11:22:55,166 - pyswarms.single.global_best - INFO - Optimize for 1000 iters with {'c1': 0.5, 'c2': 0.3, 'w': 0.9}
2024-07-30 11:22:56,111 - pyswarms.single.global_best - INFO - Optimization finished | best cost: -2.8147869886762256, best pos: [0.76540401 0.69790488 0.96321594 0.9898206  0.2447035  0.13632265]
2024-07-30 11:23:27,927 - pyswarms.single.global_best - INFO - Optimize for 1000 iters with {'c1': 0.5, 'c2': 0.3, 'w': 0.9}
2024-07-30 11:23:29,087 - pyswarms.single.global_best - INFO - Optimization finished | best cost: -2.792895640909438, best pos: [0.69276492 0.6064559  0.99960203 0.99201785 0.43979905 0.66090662]
2024-07-30 11:23:39,454 - pyswarms.single.global_best - INFO - Optimize for 1000 iters with {'c1': 0.5, 'c2': 0.3, 'w': 0.9}
2024-07-30 11:23:40,370 - pyswarms.single.global_best - INFO - Optimization finished | best cost: -2.8204097144890365, best pos: [0.39148822 0.34524311 0.99990854 0.96785786 0.0567518  0.59910461]
2024-07-30 11:23:52,677 - pyswarms.single.global_best - INFO - Optimize for 1000 iters with {'c1': 0.5, 'c2': 0.3, 'w': 0.9}
2024-07-30 11:23:53,611 - pyswarms.single.global_best - INFO - Optimization finished | best cost: -2.8335774861039043, best pos: [0.59536964 0.53974368 0.99243558 0.99533347 0.49907562 0.05332834]
